<component name="libraryTable">
  <library name="junit5">
    <CLASSES>
      <root url="file://$PROJECT_DIR$/../../../../../../../outside/java/junit5" />
    </CLASSES>
    <JAVADOC />
    <SOURCES>
      <root url="file://$PROJECT_DIR$/../../../../../../../outside/java/junit5" />
    </SOURCES>
    <jarDirectory url="file://$PROJECT_DIR$/../../../../../../../outside/java/junit5" recursive="false" />
    <jarDirectory url="file://$PROJECT_DIR$/../../../../../../../outside/java/junit5" recursive="false" type="SOURCES" />
  </library>
</component>